app/build/outputs/logs/manifest-merger-debug-report.txt
-- Merging decision tree log ---
manifest
ADDED from src\main\AndroidManifest.xml:2:1-71:12
	package
		ADDED from src\main\AndroidManifest.xml:3:5-33
		INJECTED from src\main\AndroidManifest.xml
		INJECTED from src\main\AndroidManifest.xml
	android:sharedUserId
		ADDED from src\main\AndroidManifest.xml:4:5-46
	android:versionName
		ADDED from src\main\AndroidManifest.xml:6:5-35
		INJECTED from src\main\AndroidManifest.xml
		INJECTED from src\main\AndroidManifest.xml
	android:versionCode
		ADDED from src\main\AndroidManifest.xml:5:5-33
		INJECTED from src\main\AndroidManifest.xml
		INJECTED from src\main\AndroidManifest.xml
	xmlns:android
		ADDED from src\main\AndroidManifest.xml:2:11-69
uses-sdk
ADDED from src\main\AndroidManifest.xml:11:5-13:41
MERGED from [com.android.support:support-v4:22.2.1] AndroidManifest.xml:20:5-43
	android:targetSdkVersion
		ADDED from src\main\AndroidManifest.xml:13:9-38
		INJECTED from src\main\AndroidManifest.xml
		INJECTED from src\main\AndroidManifest.xml
	android:minSdkVersion
		ADDED from src\main\AndroidManifest.xml:12:9-35
		INJECTED from src\main\AndroidManifest.xml
		INJECTED from src\main\AndroidManifest.xml
uses-permission#android.permission.KILL_BACKGROUND_PROCESSES
ADDED from src\main\AndroidManifest.xml:15:5-84
	android:name
		ADDED from src\main\AndroidManifest.xml:15:22-81
uses-permission#android.permission.WRITE_EXTERNAL_STORAGE
ADDED from src\main\AndroidManifest.xml:16:5-81
	android:name
		ADDED from src\main\AndroidManifest.xml:16:22-78
uses-permission#android.permission.MOUNT_UNMOUNT_FILESYSTEMS
ADDED from src\main\AndroidManifest.xml:17:5-84
	android:name
		ADDED from src\main\AndroidManifest.xml:17:22-81
uses-permission#android.permission.ACCESS_NETWORK_STATE
ADDED from src\main\AndroidManifest.xml:18:5-79
	android:name
		ADDED from src\main\AndroidManifest.xml:18:22-76
uses-permission#android.permission.RESTART_PACKAGES
ADDED from src\main\AndroidManifest.xml:19:5-75
	android:name
		ADDED from src\main\AndroidManifest.xml:19:22-72
uses-permission#android.permission.RECEIVE_BOOT_COMPLETED
ADDED from src\main\AndroidManifest.xml:20:5-81
	android:name
		ADDED from src\main\AndroidManifest.xml:20:22-78
uses-permission#android.permission.READ_EXTERNAL_STORAGE
ADDED from src\main\AndroidManifest.xml:21:5-80
	android:name
		ADDED from src\main\AndroidManifest.xml:21:22-77
uses-permission#android.permission.CHANGE_CONFIGURATION
ADDED from src\main\AndroidManifest.xml:22:5-79
	android:name
		ADDED from src\main\AndroidManifest.xml:22:22-76
uses-permission#android.permission.DELETE_CACHE_FILES
ADDED from src\main\AndroidManifest.xml:23:5-77
	android:name
		ADDED from src\main\AndroidManifest.xml:23:22-74
application
ADDED from src\main\AndroidManifest.xml:25:5-69:19
MERGED from [com.android.support:support-v4:22.2.1] AndroidManifest.xml:22:5-20
	android:screenOrientation
		ADDED from src\main\AndroidManifest.xml:31:9-46
	android:label
		ADDED from src\main\AndroidManifest.xml:30:9-41
	android:configChanges
		ADDED from src\main\AndroidManifest.xml:28:9-39
	android:allowBackup
		ADDED from src\main\AndroidManifest.xml:27:9-35
	android:icon
		ADDED from src\main\AndroidManifest.xml:29:9-45
	android:theme
		ADDED from src\main\AndroidManifest.xml:32:9-56
	android:name
		ADDED from src\main\AndroidManifest.xml:26:9-60
activity#com.cv.apk_manager.ApkManager
ADDED from src\main\AndroidManifest.xml:33:9-41:20
	android:theme
		ADDED from src\main\AndroidManifest.xml:35:13-71
	android:name
		ADDED from src\main\AndroidManifest.xml:34:13-57
intent-filter#android.intent.action.MAIN+android.intent.category.LAUNCHER
ADDED from src\main\AndroidManifest.xml:36:13-40:29
action#android.intent.action.MAIN
ADDED from src\main\AndroidManifest.xml:37:17-69
	android:name
		ADDED from src\main\AndroidManifest.xml:37:25-66
category#android.intent.category.LAUNCHER
ADDED from src\main\AndroidManifest.xml:39:17-77
	android:name
		ADDED from src\main\AndroidManifest.xml:39:27-74
activity#com.cv.apk_manager.UninstallActivity
ADDED from src\main\AndroidManifest.xml:42:9-45:20
	android:theme
		ADDED from src\main\AndroidManifest.xml:44:13-71
	android:name
		ADDED from src\main\AndroidManifest.xml:43:13-64
activity#com.cv.apk_manager.InstallActivity
ADDED from src\main\AndroidManifest.xml:46:9-50:20
	android:launchMode
		ADDED from src\main\AndroidManifest.xml:48:13-44
	android:theme
		ADDED from src\main\AndroidManifest.xml:49:13-71
	android:name
		ADDED from src\main\AndroidManifest.xml:47:13-62
activity#com.cv.apk_manager.CleanOrStopAppActivity
ADDED from src\main\AndroidManifest.xml:51:9-65:20
	android:clearTaskOnLaunch
		ADDED from src\main\AndroidManifest.xml:53:13-45
	android:hardwareAccelerated
		ADDED from src\main\AndroidManifest.xml:54:13-47
	android:launchMode
		ADDED from src\main\AndroidManifest.xml:55:13-44
	android:theme
		ADDED from src\main\AndroidManifest.xml:56:13-71
	android:name
		ADDED from src\main\AndroidManifest.xml:52:13-69
intent-filter#android.intent.action.CLEAR_CACHE+android.intent.action.DEVICE_STORAGE_FULL+android.intent.category.DEFAULT+android.settings.MEMORY_CARD_SETTINGS+com.cultraview.settings.system.CLEAR_CACHE
ADDED from src\main\AndroidManifest.xml:57:13-64:29
action#android.intent.action.DEVICE_STORAGE_FULL
ADDED from src\main\AndroidManifest.xml:58:17-84
	android:name
		ADDED from src\main\AndroidManifest.xml:58:25-81
action#android.settings.MEMORY_CARD_SETTINGS
ADDED from src\main\AndroidManifest.xml:59:17-80
	android:name
		ADDED from src\main\AndroidManifest.xml:59:25-77
action#android.intent.action.CLEAR_CACHE
ADDED from src\main\AndroidManifest.xml:60:17-76
	android:name
		ADDED from src\main\AndroidManifest.xml:60:25-73
action#com.cultraview.settings.system.CLEAR_CACHE
ADDED from src\main\AndroidManifest.xml:61:17-85
	android:name
		ADDED from src\main\AndroidManifest.xml:61:25-82
category#android.intent.category.DEFAULT
ADDED from src\main\AndroidManifest.xml:63:17-76
	android:name
		ADDED from src\main\AndroidManifest.xml:63:27-73
receiver#com.cv.apk_manager.CvUninstallReceiver
ADDED from src\main\AndroidManifest.xml:67:9-75
	android:name
		ADDED from src\main\AndroidManifest.xml:67:19-72
receiver#com.cv.apk_manager.CvInstallReceiver
ADDED from src\main\AndroidManifest.xml:68:9-73
	android:name
		ADDED from src\main\AndroidManifest.xml:68:19-70